This is pdfTeX, Version 3.14159265-2.6-1.40.20 (TeX Live 2019) (preloaded format=pdflatex 2019.5.8)  16 NOV 2019 20:38
entering extended mode
 restricted \write18 enabled.
 %&-line parsing enabled.
**rpt.tex
(./rpt.tex
LaTeX2e <2018-12-01>
(/usr/local/texlive/2019/texmf-dist/tex/latex/aastex/aastex63.cls
Document Class: aastex63 2019/06/03 Version 6.3/AAS markup document class
Class aastex Info: 
 
 Original \LaTeX2.09 style by Chris Biemesderfer (chris@seagoat.com). 
 Adapted to \LaTeXe by A. Ogawa (ogawa@teleport.com)
 emulateapj.cls included, Copyright 2000-2015 Alexey Vikhlinin 
 Rewrite and update of emulateapj.cls, revised and enhanced with table macros, 
gridlines, draft watermark,
 track changes, new `modern' style and much more, by Amy Hendrickson,
 (amyh@texnology.com, http://www.texnology.com) 
 
  on input line 104.
\bibbaselineskip=\skip41
(/usr/local/texlive/2019/texmf-dist/tex/latex/revtex/revtex4-1.cls
Document Class: revtex4-1 2010/07/25/20:33:00 4.1r (http://publish.aps.org/revt
ex4/ for documentation)
 Copyright (c) 2009 The American Physical Society.
 mailto:revtex@aps.org
 Licensed under the LPPL:
http://www.ctan.org/tex-archive/macros/latex/base/lppl.txt
 Arthur Ogawa <arthur_ogawa at sbcglobal dot net>
 Based on work by David Carlisle <david at dcarlisle.demon.co.uk>.
ltxutil[2010/07/25/20:33:00 4.1r utilities package (portions licensed from W. E
. Baxter web at superscript.com)]
LaTeX Info: Redefining \@centercr on input line 308.
Class revtex4-1 Info: Repairing broken LaTeX eqnarray on input line 358.
\eqncolsep=\skip42
Class revtex4-1 Info: Repairing hyperref-unfriendly LaTeX definition of \mpfoot
note on input line 433.
Class revtex4-1 Info: Repairing broken LateX \@sect on input line 755.
\intertabularlinepenalty=\count80
\@tbpen=\count81
\@arstrutbox@hline=\box27
Class revtex4-1 Info: Repairing broken LaTeX \@xbitor on input line 1786.
Class revtex4-1 Info: Making \typeout \long on input line 2046.
ltxfront[2010/07/25/20:33:00 4.1r frontmatter package (AO,DPC)]
\c@affil=\count82
\c@collab=\count83
\absbox=\box28
ltxgrid[2010/07/25/20:33:00 4.1r page grid package (portions licensed from W. E
. Baxter web at superscript.com)]
\c@linecount=\count84
\output@latex=\toks14
\box@size@1=\box29
\box@size@2=\box30
\@protection@box=\box31
\@topmark@saved=\toks15
\footins@saved=\box32
\footins@recovered=\box33
\column@recovered=\box34
\pagesofar=\box35
\footsofar=\box36
\pagegrid@col=\count85
Class revtex4-1 Info: Overriding \@vspace, \@vspacer, \@no@pgbk, \@newline, and
 \\  on input line 5578.
\c@part=\count86
\c@section=\count87
\c@subsection=\count88
\c@subsubsection=\count89
\c@paragraph=\count90
\c@subparagraph=\count91
\abovecaptionskip=\skip43
\belowcaptionskip=\skip44
\c@figure=\count92
\fbox@1=\box37
\c@table=\count93
\fbox@2=\box38
\c@video=\count94
\fbox@4=\box39
\@bibdataout=\write3
\widetext@top=\box40
\widetext@bot=\box41
Class revtex4-1 Info: Selecting society aps on input line 7542.
(/usr/local/texlive/2019/texmf-dist/tex/latex/revtex/aps4-1.rtx
File: aps4-1 2010/07/25/20:33:00 4.1r (http://publish.aps.org/revtex4/ for docu
mentation)
Class revtex4-1 Info: RevTeX society APS selected on input line 31.
)
Class revtex4-1 Info: Selecting journal pra on input line 7544.
Class revtex4-1 Info: APS journal PRA selected on input line 7545.

(/usr/local/texlive/2019/texmf-dist/tex/latex/revtex/aps10pt4-1.rtx
File: aps10pt4-1 2010/07/25/20:33:00 4.1r (http://publish.aps.org/revtex4/ for 
documentation)
Class revtex4-1 Info: RevTeX pointsize 10pt selected on input line 30.
)
(/usr/local/texlive/2019/texmf-dist/tex/latex/textcase/textcase.sty
Package: textcase 2004/10/07 v0.07 Text only upper/lower case changing (DPC)
)
(/usr/local/texlive/2019/texmf-dist/tex/latex/url/url.sty
\Urlmuskip=\muskip10
Package: url 2013/09/16  ver 3.4  Verb mode for urls, etc.
)
(/usr/local/texlive/2019/texmf-dist/tex/latex/natbib/natbib.sty
Package: natbib 2010/09/13 8.31b (PWD, AO)
\bibhang=\skip45
\bibsep=\skip46
LaTeX Info: Redefining \cite on input line 694.
\c@NAT@ctr=\count95
)
Class revtex4-1 Info: Repairing natbib's \BibitemShut on input line 7549.

(/usr/local/texlive/2019/texmf-dist/tex/latex/revtex/revsymb4-1.sty
Package: revsymb4-1 2010/07/25/20:33:00 4.1r (http://publish.aps.org/revtex4/ f
or documentation)
LaTeX Info: Redefining \REV@mathfrak on input line 119.
))
(/usr/local/texlive/2019/texmf-dist/tex/latex/base/latexsym.sty
Package: latexsym 1998/08/17 v2.2e Standard LaTeX package (lasy symbols)
\symlasy=\mathgroup4
LaTeX Font Info:    Overwriting symbol font `lasy' in version `bold'
(Font)                  U/lasy/m/n --> U/lasy/b/n on input line 52.
)
(/usr/local/texlive/2019/texmf-dist/tex/latex/graphics/graphicx.sty
Package: graphicx 2017/06/01 v1.1a Enhanced LaTeX Graphics (DPC,SPQR)

(/usr/local/texlive/2019/texmf-dist/tex/latex/graphics/keyval.sty
Package: keyval 2014/10/28 v1.15 key=value parser (DPC)
\KV@toks@=\toks16
)
(/usr/local/texlive/2019/texmf-dist/tex/latex/graphics/graphics.sty
Package: graphics 2017/06/25 v1.2c Standard LaTeX Graphics (DPC,SPQR)

(/usr/local/texlive/2019/texmf-dist/tex/latex/graphics/trig.sty
Package: trig 2016/01/03 v1.10 sin cos tan (DPC)
)
(/usr/local/texlive/2019/texmf-dist/tex/latex/graphics-cfg/graphics.cfg
File: graphics.cfg 2016/06/04 v1.11 sample graphics configuration
)
Package graphics Info: Driver file: pdftex.def on input line 99.

(/usr/local/texlive/2019/texmf-dist/tex/latex/graphics-def/pdftex.def
File: pdftex.def 2018/01/08 v1.0l Graphics/color driver for pdftex
))
\Gin@req@height=\dimen102
\Gin@req@width=\dimen103
)
(/usr/local/texlive/2019/texmf-dist/tex/latex/amsfonts/amssymb.sty
Package: amssymb 2013/01/14 v3.01 AMS font symbols

(/usr/local/texlive/2019/texmf-dist/tex/latex/amsfonts/amsfonts.sty
Package: amsfonts 2013/01/14 v3.01 Basic AMSFonts support
\@emptytoks=\toks17
\symAMSa=\mathgroup5
\symAMSb=\mathgroup6
LaTeX Font Info:    Overwriting math alphabet `\mathfrak' in version `bold'
(Font)                  U/euf/m/n --> U/euf/b/n on input line 106.
LaTeX Info: Redefining \frak on input line 111.
LaTeX Info: Redefining \Bbb on input line 113.
))
(/usr/local/texlive/2019/texmf-dist/tex/generic/epsf/epsf.sty
This is `epsf.tex' v2.7.4 <14 February 2011>
\epsffilein=\read1
\epsfframemargin=\dimen104
\epsfframethickness=\dimen105
\epsfrsize=\dimen106
\epsftmp=\dimen107
\epsftsize=\dimen108
\epsfxsize=\dimen109
\epsfysize=\dimen110
\pspoints=\dimen111
)
\rptnum=\count96
\rptloopnum=\count97
\fncount=\count98
\endfncount=\count99
\c@front@matter@foot@note=\count100
\keys@width=\skip47
\c@lastfootnote=\count101
\tempsectnum=\count102
\ackbox=\box42
\c@remember@figure@num=\count103
\c@remember@table@num=\count104
\bibskip=\skip48
\bibindent=\dimen112
\plot@width=\skip49
\c@table@save=\count105
\@abovenoteskip=\dimen113
\table@note@skip=\skip50
\deluxe@table@width=\skip51
\@d@t@a=\skip52
\c@deluxe@table@num=\count106
\LTcapwidth=\dimen114
\abovedeluxetableskip=\skip53
\belowdeluxetableskip=\skip54
\lastrowheight=\dimen115
\DT@p@ftn=\toks18
\pt@column=\count107
\pt@ncol=\count108
 (/usr/local/texlive/2019/texmf-dist/tex/latex/tools/longtable.sty
Package: longtable 2014/10/28 v4.11 Multi-page Table package (DPC)+ FMi change
\LTleft=\skip55
\LTright=\skip56
\LTpre=\skip57
\LTpost=\skip58
\LTchunksize=\count109
\LTcapwidth=\dimen116
\LT@head=\box43
\LT@firsthead=\box44
\LT@foot=\box45
\LT@lastfoot=\box46
\LT@cols=\count110
\LT@rows=\count111
\c@LT@tables=\count112
\c@LT@chunks=\count113
\LT@p@ftn=\toks19
)
(/usr/local/texlive/2019/texmf-dist/tex/latex/xcolor/xcolor.sty
Package: xcolor 2016/05/11 v2.12 LaTeX color extensions (UK)

(/usr/local/texlive/2019/texmf-dist/tex/latex/graphics-cfg/color.cfg
File: color.cfg 2016/01/02 v1.6 sample color configuration
)
Package xcolor Info: Driver file: pdftex.def on input line 225.
Package xcolor Info: Model `cmy' substituted by `cmy0' on input line 1348.
Package xcolor Info: Model `hsb' substituted by `rgb' on input line 1352.
Package xcolor Info: Model `RGB' extended on input line 1364.
Package xcolor Info: Model `HTML' substituted by `rgb' on input line 1366.
Package xcolor Info: Model `Hsb' substituted by `hsb' on input line 1367.
Package xcolor Info: Model `tHsb' substituted by `hsb' on input line 1368.
Package xcolor Info: Model `HSB' substituted by `hsb' on input line 1369.
Package xcolor Info: Model `Gray' substituted by `gray' on input line 1370.
Package xcolor Info: Model `wave' substituted by `hsb' on input line 1371.
)
(/usr/local/texlive/2019/texmf-dist/tex/latex/hyperref/hyperref.sty
Package: hyperref 2018/11/30 v6.88e Hypertext links for LaTeX

(/usr/local/texlive/2019/texmf-dist/tex/generic/oberdiek/hobsub-hyperref.sty
Package: hobsub-hyperref 2016/05/16 v1.14 Bundle oberdiek, subset hyperref (HO)


(/usr/local/texlive/2019/texmf-dist/tex/generic/oberdiek/hobsub-generic.sty
Package: hobsub-generic 2016/05/16 v1.14 Bundle oberdiek, subset generic (HO)
Package: hobsub 2016/05/16 v1.14 Construct package bundles (HO)
Package: infwarerr 2016/05/16 v1.4 Providing info/warning/error messages (HO)
Package: ltxcmds 2016/05/16 v1.23 LaTeX kernel commands for general use (HO)
Package: ifluatex 2016/05/16 v1.4 Provides the ifluatex switch (HO)
Package ifluatex Info: LuaTeX not detected.
Package: ifvtex 2016/05/16 v1.6 Detect VTeX and its facilities (HO)
Package ifvtex Info: VTeX not detected.
Package: intcalc 2016/05/16 v1.2 Expandable calculations with integers (HO)
Package: ifpdf 2018/09/07 v3.3 Provides the ifpdf switch
Package: etexcmds 2016/05/16 v1.6 Avoid name clashes with e-TeX commands (HO)
Package: kvsetkeys 2016/05/16 v1.17 Key value parser (HO)
Package: kvdefinekeys 2016/05/16 v1.4 Define keys (HO)
Package: pdftexcmds 2018/09/10 v0.29 Utility functions of pdfTeX for LuaTeX (HO
)
Package pdftexcmds Info: LuaTeX not detected.
Package pdftexcmds Info: \pdf@primitive is available.
Package pdftexcmds Info: \pdf@ifprimitive is available.
Package pdftexcmds Info: \pdfdraftmode found.
Package: pdfescape 2016/05/16 v1.14 Implements pdfTeX's escape features (HO)
Package: bigintcalc 2016/05/16 v1.4 Expandable calculations on big integers (HO
)
Package: bitset 2016/05/16 v1.2 Handle bit-vector datatype (HO)
Package: uniquecounter 2016/05/16 v1.3 Provide unlimited unique counter (HO)
)
Package hobsub Info: Skipping package `hobsub' (already loaded).
Package: letltxmacro 2016/05/16 v1.5 Let assignment for LaTeX macros (HO)
Package: hopatch 2016/05/16 v1.3 Wrapper for package hooks (HO)
Package: xcolor-patch 2016/05/16 xcolor patch
Package: atveryend 2016/05/16 v1.9 Hooks at the very end of document (HO)
Package: atbegshi 2016/06/09 v1.18 At begin shipout hook (HO)
Package: refcount 2016/05/16 v3.5 Data extraction from label references (HO)
Package: hycolor 2016/05/16 v1.8 Color options for hyperref/bookmark (HO)
)
(/usr/local/texlive/2019/texmf-dist/tex/generic/ifxetex/ifxetex.sty
Package: ifxetex 2010/09/12 v0.6 Provides ifxetex conditional
)
(/usr/local/texlive/2019/texmf-dist/tex/latex/oberdiek/auxhook.sty
Package: auxhook 2016/05/16 v1.4 Hooks for auxiliary files (HO)
)
(/usr/local/texlive/2019/texmf-dist/tex/latex/oberdiek/kvoptions.sty
Package: kvoptions 2016/05/16 v3.12 Key value format for package options (HO)
)
\@linkdim=\dimen117
\Hy@linkcounter=\count114
\Hy@pagecounter=\count115

(/usr/local/texlive/2019/texmf-dist/tex/latex/hyperref/pd1enc.def
File: pd1enc.def 2018/11/30 v6.88e Hyperref: PDFDocEncoding definition (HO)
Now handling font encoding PD1 ...
... no UTF-8 mapping file for font encoding PD1
)
\Hy@SavedSpaceFactor=\count116

(/usr/local/texlive/2019/texmf-dist/tex/latex/latexconfig/hyperref.cfg
File: hyperref.cfg 2002/06/06 v1.2 hyperref configuration of TeXLive
)
Package hyperref Info: Option `bookmarks' set `true' on input line 4393.
Package hyperref Info: Option `pdfnewwindow' set `true' on input line 4393.
Package hyperref Info: Option `colorlinks' set `true' on input line 4393.
Package hyperref Info: Option `final' set `true' on input line 4393.
Package hyperref Info: Hyper figures OFF on input line 4519.
Package hyperref Info: Link nesting OFF on input line 4524.
Package hyperref Info: Hyper index ON on input line 4527.
Package hyperref Info: Plain pages OFF on input line 4534.
Package hyperref Info: Backreferencing OFF on input line 4539.
Package hyperref Info: Implicit mode ON; LaTeX internals redefined.
Package hyperref Info: Bookmarks ON on input line 4772.
LaTeX Info: Redefining \href on input line 5036.
\c@Hy@tempcnt=\count117
LaTeX Info: Redefining \url on input line 5125.
\XeTeXLinkMargin=\dimen118
\Fld@menulength=\count118
\Field@Width=\dimen119
\Fld@charsize=\dimen120
Package hyperref Info: Hyper figures OFF on input line 6380.
Package hyperref Info: Link nesting OFF on input line 6385.
Package hyperref Info: Hyper index ON on input line 6388.
Package hyperref Info: backreferencing OFF on input line 6395.
Package hyperref Info: Link coloring ON on input line 6398.
Package hyperref Info: Link coloring with OCG OFF on input line 6405.
Package hyperref Info: PDF/A mode OFF on input line 6410.
LaTeX Info: Redefining \ref on input line 6450.
LaTeX Info: Redefining \pageref on input line 6454.
\Hy@abspage=\count119
\c@Item=\count120
\c@Hfootnote=\count121
)
Package hyperref Info: Driver (autodetected): hpdftex.

(/usr/local/texlive/2019/texmf-dist/tex/latex/hyperref/hpdftex.def
File: hpdftex.def 2018/11/30 v6.88e Hyperref driver for pdfTeX
\Fld@listcount=\count122
\c@bookmark@seq@number=\count123

(/usr/local/texlive/2019/texmf-dist/tex/latex/oberdiek/rerunfilecheck.sty
Package: rerunfilecheck 2016/05/16 v1.8 Rerun checks for auxiliary files (HO)
Package uniquecounter Info: New unique counter `rerunfilecheck' on input line 2
82.
)
\Hy@SectionHShift=\skip59
)
(/usr/local/texlive/2019/texmf-dist/tex/latex/tools/array.sty
Package: array 2018/12/30 v2.4k Tabular extension package (FMi)
\col@sep=\dimen121
\ar@mcellbox=\box47
\extrarowheight=\dimen122
\NC@list=\toks20
\extratabsurround=\skip60
\backup@length=\skip61
\ar@cellbox=\box48
)
\colcount=\count124
\firstcolcount=\count125
\secondcolcount=\count126
\thirdcolcount=\count127
\columncount=\count128
\howmanyDs=\count129
\firsthowmanyDs=\count130
\secondhowmanyDs=\count131
\PartsOfTable=\count132
\columnoneandtwo=\count133
\colnumsused=\count134
\loopnum=\count135
\totalcolumncount=\count136
\totalcolumns=\count137
\firsttablebox=\box49
\secondtablebox=\box50
\thirdtablebox=\box51
\longtablebox=\box52
\splitbox=\box53
\movetabledown=\dimen123
\maxtablewidth=\dimen124
\savetabskip=\dimen125
\tempcounter=\count138
\colheadcount=\count139
\rotatetablebox=\box54
\colorcount=\count140
\refchangenumber=\count141
\listchangenum=\count142

(/usr/local/texlive/2019/texmf-dist/tex/generic/ulem/ulem.sty
\UL@box=\box55
\UL@hyphenbox=\box56
\UL@skip=\skip62
\UL@hook=\toks21
\UL@height=\dimen126
\UL@pe=\count143
\UL@pixel=\dimen127
\ULC@box=\box57
Package: ulem 2012/05/18
\ULdepth=\dimen128
)
\entriesinthiscollab=\count144
\allentries=\count145
\AuthorCollaborationLimit=\count146
\largestAffilNum=\count147
\totalentries=\count148
\docollabnum=\count149
\tempauthornumber=\count150
\countauthors=\count151
\testnum=\count152
\tempauthorminusone=\count153
\affilnum=\count154
\c@affilcount=\count155
\numauthors=\count156
\collabnum=\count157
\collabnamebox=\box58
\widetext@top=\box59
\widetext@bot=\box60
\movetableright=\dimen129
)
(/usr/local/texlive/2019/texmf-dist/tex/latex/amsmath/amsmath.sty
Package: amsmath 2018/12/01 v2.17b AMS math features
\@mathmargin=\skip63

For additional information on amsmath, use the `?' option.
(/usr/local/texlive/2019/texmf-dist/tex/latex/amsmath/amstext.sty
Package: amstext 2000/06/29 v2.01 AMS text

(/usr/local/texlive/2019/texmf-dist/tex/latex/amsmath/amsgen.sty
File: amsgen.sty 1999/11/30 v2.0 generic functions
\@emptytoks=\toks22
\ex@=\dimen130
)
LaTeX Info: Redefining \text on input line 28.
)
(/usr/local/texlive/2019/texmf-dist/tex/latex/amsmath/amsbsy.sty
Package: amsbsy 1999/11/29 v1.2d Bold Symbols
\pmbraise@=\dimen131
)
(/usr/local/texlive/2019/texmf-dist/tex/latex/amsmath/amsopn.sty
Package: amsopn 2016/03/08 v2.02 operator names
)
\inf@bad=\count158
LaTeX Info: Redefining \frac on input line 223.
\uproot@=\count159
\leftroot@=\count160
LaTeX Info: Redefining \overline on input line 385.
\classnum@=\count161
\DOTSCASE@=\count162
LaTeX Info: Redefining \ldots on input line 482.
LaTeX Info: Redefining \dots on input line 485.
LaTeX Info: Redefining \cdots on input line 606.
\Mathstrutbox@=\box61
\strutbox@=\box62
\big@size=\dimen132
LaTeX Font Info:    Redeclaring font encoding OML on input line 729.
LaTeX Font Info:    Redeclaring font encoding OMS on input line 730.
\macc@depth=\count163
\c@MaxMatrixCols=\count164
\dotsspace@=\muskip11
\c@parentequation=\count165
\dspbrk@lvl=\count166
\tag@help=\toks23
\row@=\count167
\column@=\count168
\maxfields@=\count169
\andhelp@=\toks24
\eqnshift@=\dimen133
\alignsep@=\dimen134
\tagshift@=\dimen135
\tagwidth@=\dimen136
\totwidth@=\dimen137
\lineht@=\dimen138
\@envbody=\toks25
\multlinegap=\skip64
\multlinetaggap=\skip65
\mathdisplay@stack=\toks26
LaTeX Info: Redefining \[ on input line 2844.
LaTeX Info: Redefining \] on input line 2845.
)
(/usr/local/texlive/2019/texmf-dist/tex/latex/amscls/amsthm.sty
Package: amsthm 2017/10/31 v2.20.4
\thm@style=\toks27
\thm@bodyfont=\toks28
\thm@headfont=\toks29
\thm@notefont=\toks30
\thm@headpunct=\toks31
\thm@preskip=\skip66
\thm@postskip=\skip67
\thm@headsep=\skip68
\dth@everypar=\toks32
)
(/usr/local/texlive/2019/texmf-dist/tex/latex/floatrow/floatrow.sty
Package: floatrow 2008/08/02 v0.3b floatrow: float package extension

(/usr/local/texlive/2019/texmf-dist/tex/latex/caption/caption3.sty
Package: caption3 2018/09/12 v1.8c caption3 kernel (AR)
Package caption3 Info: TeX engine: e-TeX on input line 64.
\captionmargin=\dimen139
\captionmargin@=\dimen140
\captionwidth=\dimen141
\caption@tempdima=\dimen142
\caption@indent=\dimen143
\caption@parindent=\dimen144
\caption@hangindent=\dimen145
Package caption Info: Unknown document class (or package),
(caption)             standard defaults will be used.
)
\c@float@type=\count170
\float@exts=\toks33
\float@box=\box63
\@floatcapt=\box64
Package floatrow Info: Modified float package code loaded on input line 455.
Package floatrow Info: Modified rotfloat package code loaded on input line 473.

\FR@everyfloat=\toks34
\flrow@foot=\insert199
\FB@wd=\dimen146
\FBo@wd=\dimen147
\FBc@wd=\dimen148
\FBo@ht=\skip69
\FBc@ht=\skip70
\FBf@ht=\skip71
\FBo@max=\skip72
\FBc@max=\skip73
\FBf@max=\skip74
\c@FBl@b=\count171
\floatbox@depth=\count172
\c@FRobj=\count173
\c@FRsobj=\count174
\Xhsize=\skip75
\sXhsize=\skip76
\Zhsize=\skip77
\sZhsize=\skip78
\flrow@rowbox=\box65
\FR@Zunitlength=\dimen149
\c@FBcnt=\count175
\FPOScnt=\count176
\LTleft=\skip79
\LTright=\skip80
\LTleft=\skip81
\LTright=\skip82
\flrow@types=\toks35
)
(/usr/local/texlive/2019/texmf-dist/tex/latex/setspace/setspace.sty
Package: setspace 2011/12/19 v6.7a set line spacing


! LaTeX Error: Command \singlespace already defined.
               Or name \end... illegal, see p.192 of the manual.

See the LaTeX manual or LaTeX Companion for explanation.
Type  H <return>  for immediate help.
 ...                                              
                                                  
l.494 }
       
Your command was ignored.
Type  I <command> <return>  to replace it with another command,
or  <return>  to continue without it.


! LaTeX Error: Command \doublespace already defined.
               Or name \end... illegal, see p.192 of the manual.

See the LaTeX manual or LaTeX Companion for explanation.
Type  H <return>  for immediate help.
 ...                                              
                                                  
l.546 }
       
Your command was ignored.
Type  I <command> <return>  to replace it with another command,
or  <return>  to continue without it.

) (/usr/local/texlive/2019/texmf-dist/tex/latex/tools/tabularx.sty
Package: tabularx 2016/02/03 v2.11b `tabularx' package (DPC)
\TX@col@width=\dimen150
\TX@old@table=\dimen151
\TX@old@col=\dimen152
\TX@target=\dimen153
\TX@delta=\dimen154
\TX@cols=\count177
\TX@ftn=\toks36
)
(/usr/local/texlive/2019/texmf-dist/tex/latex/enumitem/enumitem.sty
Package: enumitem 2019/02/04 v3.8 Customized lists
\labelindent=\skip83
\enit@outerparindent=\dimen155
\enit@toks=\toks37
\enit@inbox=\box66
\enit@count@id=\count178
\enitdp@description=\count179
)
(/usr/local/texlive/2019/texmf-dist/tex/latex/lipsum/lipsum.sty
(/usr/local/texlive/2019/texmf-dist/tex/latex/l3kernel/expl3.sty
Package: expl3 2019-05-07 L3 programming layer (loader) 

(/usr/local/texlive/2019/texmf-dist/tex/latex/l3kernel/expl3-code.tex
Package: expl3 2019-05-07 L3 programming layer (code)
\c_max_int=\count180
\l_tmpa_int=\count181
\l_tmpb_int=\count182
\g_tmpa_int=\count183
\g_tmpb_int=\count184
\g__kernel_prg_map_int=\count185
\c__ior_term_ior=\count186
\c_log_iow=\count187
\l_iow_line_count_int=\count188
\l__iow_line_target_int=\count189
\l__iow_one_indent_int=\count190
\l__iow_indent_int=\count191
\c_zero_dim=\dimen156
\c_max_dim=\dimen157
\l_tmpa_dim=\dimen158
\l_tmpb_dim=\dimen159
\g_tmpa_dim=\dimen160
\g_tmpb_dim=\dimen161
\c_zero_skip=\skip84
\c_max_skip=\skip85
\l_tmpa_skip=\skip86
\l_tmpb_skip=\skip87
\g_tmpa_skip=\skip88
\g_tmpb_skip=\skip89
\c_zero_muskip=\muskip12
\c_max_muskip=\muskip13
\l_tmpa_muskip=\muskip14
\l_tmpb_muskip=\muskip15
\g_tmpa_muskip=\muskip16
\g_tmpb_muskip=\muskip17
\l_keys_choice_int=\count192
\l__intarray_loop_int=\count193
\c__intarray_sp_dim=\dimen162
\g__intarray_font_int=\count194
\c__fp_leading_shift_int=\count195
\c__fp_middle_shift_int=\count196
\c__fp_trailing_shift_int=\count197
\c__fp_big_leading_shift_int=\count198
\c__fp_big_middle_shift_int=\count266
\c__fp_big_trailing_shift_int=\count267
\c__fp_Bigg_leading_shift_int=\count268
\c__fp_Bigg_middle_shift_int=\count269
\c__fp_Bigg_trailing_shift_int=\count270
\c__kernel_randint_max_int=\count271
\g__fp_array_int=\count272
\l__fp_array_loop_int=\count273
\l__sort_length_int=\count274
\l__sort_min_int=\count275
\l__sort_top_int=\count276
\l__sort_max_int=\count277
\l__sort_true_max_int=\count278
\l__sort_block_int=\count279
\l__sort_begin_int=\count280
\l__sort_end_int=\count281
\l__sort_A_int=\count282
\l__sort_B_int=\count283
\l__sort_C_int=\count284
\l__tl_analysis_normal_int=\count285
\l__tl_analysis_index_int=\count286
\l__tl_analysis_nesting_int=\count287
\l__tl_analysis_type_int=\count288
\l__regex_internal_a_int=\count289
\l__regex_internal_b_int=\count290
\l__regex_internal_c_int=\count291
\l__regex_balance_int=\count292
\l__regex_group_level_int=\count293
\l__regex_mode_int=\count294
\c__regex_cs_in_class_mode_int=\count295
\c__regex_cs_mode_int=\count296
\l__regex_catcodes_int=\count297
\l__regex_default_catcodes_int=\count298
\c__regex_catcode_D_int=\count299
\c__regex_catcode_S_int=\count300
\c__regex_catcode_L_int=\count301
\c__regex_catcode_O_int=\count302
\c__regex_catcode_A_int=\count303
\c__regex_all_catcodes_int=\count304
\l__regex_show_lines_int=\count305
\l__regex_min_state_int=\count306
\l__regex_max_state_int=\count307
\l__regex_left_state_int=\count308
\l__regex_right_state_int=\count309
\l__regex_capturing_group_int=\count310
\l__regex_min_pos_int=\count311
\l__regex_max_pos_int=\count312
\l__regex_curr_pos_int=\count313
\l__regex_start_pos_int=\count314
\l__regex_success_pos_int=\count315
\l__regex_curr_char_int=\count316
\l__regex_curr_catcode_int=\count317
\l__regex_last_char_int=\count318
\l__regex_case_changed_char_int=\count319
\l__regex_curr_state_int=\count320
\l__regex_step_int=\count321
\l__regex_min_active_int=\count322
\l__regex_max_active_int=\count323
\l__regex_replacement_csnames_int=\count324
\l__regex_match_count_int=\count325
\l__regex_min_submatch_int=\count326
\l__regex_submatch_int=\count327
\l__regex_zeroth_submatch_int=\count328
\g__regex_trace_regex_int=\count329
\c_empty_box=\box67
\l_tmpa_box=\box68
\l_tmpb_box=\box69
\g_tmpa_box=\box70
\g_tmpb_box=\box71
\l__box_top_dim=\dimen163
\l__box_bottom_dim=\dimen164
\l__box_left_dim=\dimen165
\l__box_right_dim=\dimen166
\l__box_top_new_dim=\dimen167
\l__box_bottom_new_dim=\dimen168
\l__box_left_new_dim=\dimen169
\l__box_right_new_dim=\dimen170
\l__box_internal_box=\box72
\l__coffin_internal_box=\box73
\l__coffin_internal_dim=\dimen171
\l__coffin_offset_x_dim=\dimen172
\l__coffin_offset_y_dim=\dimen173
\l__coffin_x_dim=\dimen174
\l__coffin_y_dim=\dimen175
\l__coffin_x_prime_dim=\dimen176
\l__coffin_y_prime_dim=\dimen177
\c_empty_coffin=\box74
\l__coffin_aligned_coffin=\box75
\l__coffin_aligned_internal_coffin=\box76
\l_tmpa_coffin=\box77
\l_tmpb_coffin=\box78
\g_tmpa_coffin=\box79
\g_tmpb_coffin=\box80
\l__coffin_bounding_shift_dim=\dimen178
\l__coffin_left_corner_dim=\dimen179
\l__coffin_right_corner_dim=\dimen180
\l__coffin_bottom_corner_dim=\dimen181
\l__coffin_top_corner_dim=\dimen182
\l__coffin_scaled_total_height_dim=\dimen183
\l__coffin_scaled_width_dim=\dimen184
\c__coffin_empty_coffin=\box81
\l__coffin_display_coffin=\box82
\l__coffin_display_coord_coffin=\box83
\l__coffin_display_pole_coffin=\box84
\l__coffin_display_offset_dim=\dimen185
\l__coffin_display_x_dim=\dimen186
\l__coffin_display_y_dim=\dimen187
\g__file_internal_ior=\read2
\l__seq_internal_a_int=\count330
\l__seq_internal_b_int=\count331
\c__deprecation_minus_one=\count332
)
(/usr/local/texlive/2019/texmf-dist/tex/latex/l3kernel/l3pdfmode.def
File: l3pdfmode.def 2019-04-06 v L3 Experimental driver: PDF mode
\l__driver_color_stack_int=\count333
\l__driver_pdf_tmp_box=\box85
))
(/usr/local/texlive/2019/texmf-dist/tex/latex/l3packages/xparse/xparse.sty
Package: xparse 2019-05-03 L3 Experimental document command parser
\l__xparse_current_arg_int=\count334
\g__xparse_grabber_int=\count335
\l__xparse_m_args_int=\count336
\l__xparse_v_nesting_int=\count337
)
Package: lipsum 2019/01/02 v2.2 150 paragraphs of Lorem Ipsum dummy text

(/usr/local/texlive/2019/texmf-dist/tex/latex/lipsum/lipsum.ltd.tex
File: lipsum.ltd.tex 2019/01/02 v2.2 The Lorem ipsum dummy text
))
Class revtex4-1 Info: Unrecognized array package. Please update this document c
lass! (Proceeding with fingers crossed.) on input line 17.


Class revtex4-1 Warning: Failed to patch the float package.

Class revtex4-1 Info: Patching unrecognized longtable package. (Proceeding with
 fingers crossed) on input line 17.
Class revtex4-1 Info: Robustifying \LaTeX's \boldmath command on input line 17.

Class revtex4-1 Info: cite was not loaded (OK!) on input line 17.
Class revtex4-1 Info: mcite was not loaded (OK!) on input line 17.
Class revtex4-1 Info: multicol was not loaded (OK!) on input line 17.
(./rpt.aux)
\openout1 = `rpt.aux'.

LaTeX Font Info:    Checking defaults for OML/cmm/m/it on input line 17.
LaTeX Font Info:    ... okay on input line 17.
LaTeX Font Info:    Checking defaults for T1/cmr/m/n on input line 17.
LaTeX Font Info:    ... okay on input line 17.
LaTeX Font Info:    Checking defaults for OT1/cmr/m/n on input line 17.
LaTeX Font Info:    ... okay on input line 17.
LaTeX Font Info:    Checking defaults for OMS/cmsy/m/n on input line 17.
LaTeX Font Info:    ... okay on input line 17.
LaTeX Font Info:    Checking defaults for OMX/cmex/m/n on input line 17.
LaTeX Font Info:    ... okay on input line 17.
LaTeX Font Info:    Checking defaults for U/cmr/m/n on input line 17.
LaTeX Font Info:    ... okay on input line 17.
LaTeX Font Info:    Checking defaults for PD1/pdf/m/n on input line 17.
LaTeX Font Info:    ... okay on input line 17.

(/usr/local/texlive/2019/texmf-dist/tex/context/base/mkii/supp-pdf.mkii
[Loading MPS to PDF converter (version 2006.09.02).]
\scratchcounter=\count338
\scratchdimen=\dimen188
\scratchbox=\box86
\nofMPsegments=\count339
\nofMParguments=\count340
\everyMPshowfont=\toks38
\MPscratchCnt=\count341
\MPscratchDim=\dimen189
\MPnumerator=\count342
\makeMPintoPDFobject=\count343
\everyMPtoPDFconversion=\toks39
) (/usr/local/texlive/2019/texmf-dist/tex/latex/oberdiek/epstopdf-base.sty
Package: epstopdf-base 2016/05/15 v2.6 Base part for package epstopdf

(/usr/local/texlive/2019/texmf-dist/tex/latex/oberdiek/grfext.sty
Package: grfext 2016/05/16 v1.2 Manage graphics extensions (HO)
)
Package epstopdf-base Info: Redefining graphics rule for `.eps' on input line 4
38.
Package grfext Info: Graphics extension search list:
(grfext)             [.pdf,.png,.jpg,.mps,.jpeg,.jbig2,.jb2,.PDF,.PNG,.JPG,.JPE
G,.JBIG2,.JB2,.eps]
(grfext)             \AppendGraphicsExtensions on input line 456.

(/usr/local/texlive/2019/texmf-dist/tex/latex/latexconfig/epstopdf-sys.cfg
File: epstopdf-sys.cfg 2010/07/13 v1.3 Configuration of (r)epstopdf for TeX Liv
e
))
\AtBeginShipoutBox=\box87
Package hyperref Info: Link coloring ON on input line 17.

(/usr/local/texlive/2019/texmf-dist/tex/latex/hyperref/nameref.sty
Package: nameref 2016/05/21 v2.44 Cross-referencing by name of section

(/usr/local/texlive/2019/texmf-dist/tex/generic/oberdiek/gettitlestring.sty
Package: gettitlestring 2016/05/16 v1.5 Cleanup title references (HO)
)
\c@section@level=\count344
)
LaTeX Info: Redefining \ref on input line 17.
LaTeX Info: Redefining \pageref on input line 17.
LaTeX Info: Redefining \nameref on input line 17.

(./rpt.out) (./rpt.out)
\@outlinefile=\write4
\openout4 = `rpt.out'.

Package caption Info: Begin \AtBeginDocument code.
Package caption Info: End \AtBeginDocument code.

(/usr/local/texlive/2019/texmf-dist/tex/latex/floatrow/fr-longtable.sty
Package: fr-longtable 2007/11/28 v0.1b (beta) floatrow: additions for longtable

\flrow@LT@lasthead=\box88
\flrow@LT@prelastfoot=\box89
\c@FBLTpage=\count345
)

Class revtex4-1 Warning: Assuming \noaffiliation for authors.

LaTeX Font Info:    Try loading font information for U+lasy on input line 28.
(/usr/local/texlive/2019/texmf-dist/tex/latex/base/ulasy.fd
File: ulasy.fd 1998/08/17 v2.2e LaTeX symbol font definitions
)
LaTeX Font Info:    Try loading font information for U+msa on input line 28.

(/usr/local/texlive/2019/texmf-dist/tex/latex/amsfonts/umsa.fd
File: umsa.fd 2013/01/14 v3.01 AMS symbols A
)
LaTeX Font Info:    Try loading font information for U+msb on input line 28.

(/usr/local/texlive/2019/texmf-dist/tex/latex/amsfonts/umsb.fd
File: umsb.fd 2013/01/14 v3.01 AMS symbols B
) [1{/usr/local/texlive/2019/texmf-var/fonts/map/pdftex/updmap/pdftex.map}]

LaTeX Warning: Command \. invalid in math mode on input line 65.

! Please use \mathaccent for accents in math mode.
\add@accent ...@spacefactor \spacefactor }\accent 
                                                  #1 #2\egroup \spacefactor ...
l.65 ...cities (on the order of $10^{3}~{\rm km\.s
                                                  ^{-1}}$), it crashes into ...
I'm changing \accent to \mathaccent here; wish me luck.
(Accents are not the same in formulas as they are in text.)

! You can't use `\spacefactor' in math mode.
\add@accent ...}\accent #1 #2\egroup \spacefactor 
                                                  \accent@spacefactor 
l.65 ...cities (on the order of $10^{3}~{\rm km\.s
                                                  ^{-1}}$), it crashes into ...
Sorry, but I'm not programmed to handle this case;
I'll just pretend that you didn't ask for it.
If you're in the wrong mode, you might be able to
return to the right one by typing `I}' or `I$' or `I\par'.

Missing character: There is no è in font cmex10!

Overfull \hbox (10.88353pt too wide) in paragraph at lines 65--65
[][]| [] [][]| 
 []

LaTeX Font Info:    Try loading font information for OMS+cmr on input line 76.
(/usr/local/texlive/2019/texmf-dist/tex/latex/base/omscmr.fd
File: omscmr.fd 2014/09/29 v2.5h Standard LaTeX font definitions
)
LaTeX Font Info:    Font shape `OMS/cmr/m/n' in size <8> not available
(Font)              Font shape `OMS/cmsy/m/n' tried instead on input line 76.

Overfull \hbox (10.88353pt too wide) in paragraph at lines 76--76
[][]| [] [][]| 
 []

[2]
<./figures/period_luminosity.png, id=113, 563.10374pt x 325.215pt>
File: ./figures/period_luminosity.png Graphic file (type png)
<use ./figures/period_luminosity.png>
Package pdftex.def Info: ./figures/period_luminosity.png  used on input line 90
.
(pdftex.def)             Requested size: 242.26653pt x 139.91911pt.

Overfull \hbox (10.88353pt too wide) in paragraph at lines 98--98
[][]| [] [][]| 
 []

LaTeX Font Info:    Font shape `OMS/cmr/m/n' in size <10> not available
(Font)              Font shape `OMS/cmsy/m/n' tried instead on input line 98.
<./figures/pulsation_massloss.png, id=125, 933.4875pt x 596.2275pt>
File: ./figures/pulsation_massloss.png Graphic file (type png)
<use ./figures/pulsation_massloss.png>
Package pdftex.def Info: ./figures/pulsation_massloss.png  used on input line 1
02.
(pdftex.def)             Requested size: 242.26653pt x 154.73346pt.
! You can't use `\vadjust' in vertical mode.
<argument> \vadjust 
                    {\do@output@cclv {\@add@float }}\@Esphack 
l.103 \end{figure}
                  
Sorry, but I'm not programmed to handle this case;
I'll just pretend that you didn't ask for it.
If you're in the wrong mode, you might be able to
return to the right one by typing `I}' or `I$' or `I\par'.


Overfull \hbox (11.22728pt too wide) detected at line 114
[]
 []

[3 <./figures/period_luminosity.png> <./figures/pulsation_massloss.png>]
<./figures/dust_condensation.png, id=150, 652.4375pt x 613.29124pt>
File: ./figures/dust_condensation.png Graphic file (type png)
<use ./figures/dust_condensation.png>
Package pdftex.def Info: ./figures/dust_condensation.png  used on input line 12
5.
(pdftex.def)             Requested size: 242.26653pt x 227.72835pt.

Overfull \hbox (10.88353pt too wide) in paragraph at lines 130--130
[][]| [] [][]| 
 []

(./rpt.bbl
Overfull \vbox (17.91092pt too high) has occurred while \output is active []


[4 <./figures/dust_condensation.png>]
! Misplaced alignment tab character &.
l.71 ...sson, K., \& Nowotny, W. 2017, Astronomy &
                                                  
I can't figure out why you would want to use a tab mark
here. If you just want an ampersand, the remedy is
simple: Just type `I\&' now. But if some right brace
up above has ended a previous alignment prematurely,
you're probably due for more error messages, and you
might try typing `S' now just to see what is salvageable.

) [5]
Package atveryend Info: Empty hook `AfterLastShipout' on input line 147.
 (./rpt.aux)
Package atveryend Info: Executing hook `AtVeryEndDocument' on input line 147.
Package atveryend Info: Executing hook `AtEndAfterFileList' on input line 147.
Package rerunfilecheck Info: File `rpt.out' has not changed.
(rerunfilecheck)             Checksum: 936015F61177D1E46B525F9AC03D51A7;354.
 ) 
Here is how much of TeX's memory you used:
 20772 strings out of 492616
 349963 string characters out of 6129482
 741838 words of memory out of 5000000
 24478 multiletter control sequences out of 15000+600000
 541786 words of font info for 63 fonts, out of 8000000 for 9000
 1141 hyphenation exceptions out of 8191
 40i,10n,63p,1177b,406s stack positions out of 5000i,500n,10000p,200000b,80000s
pdfTeX warning (dest): name{section.4-footnote.4} has been referenced but doe
s not exist, replaced by a fixed one

pdfTeX warning (dest): name{subsection.3.1-footnote.3} has been referenced but 
does not exist, replaced by a fixed one

pdfTeX warning (dest): name{section.3-footnote.2} has been referenced but does 
not exist, replaced by a fixed one

pdfTeX warning (dest): name{Item.3-footnote.1} has been referenced but does not
 exist, replaced by a fixed one

</usr/local/texlive/2019/texmf-dist/fonts/type1/public/amsfonts/cm/cmbx10.pfb><
/usr/local/texlive/2019/texmf-dist/fonts/type1/public/amsfonts/cm/cmbx8.pfb></u
sr/local/texlive/2019/texmf-dist/fonts/type1/public/amsfonts/cm/cmcsc10.pfb></u
sr/local/texlive/2019/texmf-dist/fonts/type1/public/amsfonts/cm/cmex10.pfb></us
r/local/texlive/2019/texmf-dist/fonts/type1/public/amsfonts/cm/cmmi10.pfb></usr
/local/texlive/2019/texmf-dist/fonts/type1/public/amsfonts/cm/cmmi7.pfb></usr/l
ocal/texlive/2019/texmf-dist/fonts/type1/public/amsfonts/cm/cmmi8.pfb></usr/loc
al/texlive/2019/texmf-dist/fonts/type1/public/amsfonts/cm/cmr10.pfb></usr/local
/texlive/2019/texmf-dist/fonts/type1/public/amsfonts/cm/cmr6.pfb></usr/local/te
xlive/2019/texmf-dist/fonts/type1/public/amsfonts/cm/cmr7.pfb></usr/local/texli
ve/2019/texmf-dist/fonts/type1/public/amsfonts/cm/cmr8.pfb></usr/local/texlive/
2019/texmf-dist/fonts/type1/public/amsfonts/cm/cmr9.pfb></usr/local/texlive/201
9/texmf-dist/fonts/type1/public/amsfonts/cm/cmsy10.pfb></usr/local/texlive/2019
/texmf-dist/fonts/type1/public/amsfonts/cm/cmsy7.pfb></usr/local/texlive/2019/t
exmf-dist/fonts/type1/public/amsfonts/cm/cmsy8.pfb></usr/local/texlive/2019/tex
mf-dist/fonts/type1/public/amsfonts/cm/cmti10.pfb>
Output written on rpt.pdf (5 pages, 1454789 bytes).
PDF statistics:
 269 PDF objects out of 1000 (max. 8388607)
 237 compressed objects within 3 object streams
 49 named destinations out of 1000 (max. 500000)
 72 words of extra memory for PDF output out of 10000 (max. 10000000)

