\BOOKMARK [1][-]{section.1}{Week 1}{}% 1
\BOOKMARK [2][-]{subsection.1.1}{Stellar Parallax}{section.1}% 2
\BOOKMARK [2][-]{subsection.1.2}{The Magnitude Scale, Luminosity, and Flux}{section.1}% 3
\BOOKMARK [2][-]{subsection.1.3}{The Copernican Revolution}{section.1}% 4
\BOOKMARK [2][-]{subsection.1.4}{Equations}{section.1}% 5
\BOOKMARK [1][-]{section.2}{Week 2}{}% 6
\BOOKMARK [2][-]{subsection.2.1}{Orbits}{section.2}% 7
\BOOKMARK [2][-]{subsection.2.2}{Newtonian Mechanics}{section.2}% 8
\BOOKMARK [2][-]{subsection.2.3}{Kepler's Laws of Planetary Motion}{section.2}% 9
\BOOKMARK [3][-]{subsubsection.2.3.1}{N-Body Orbits}{subsection.2.3}% 10
\BOOKMARK [3][-]{subsubsection.2.3.2}{First Law}{subsection.2.3}% 11
\BOOKMARK [3][-]{subsubsection.2.3.3}{Second Law}{subsection.2.3}% 12
\BOOKMARK [3][-]{subsubsection.2.3.4}{Third Law}{subsection.2.3}% 13
\BOOKMARK [1][-]{section.3}{Week 3}{}% 14
\BOOKMARK [2][-]{subsection.3.1}{Tides and Moons}{section.3}% 15
\BOOKMARK [2][-]{subsection.3.2}{Equations}{section.3}% 16
\BOOKMARK [1][-]{section.4}{Week 3}{}% 17
\BOOKMARK [2][-]{subsection.4.1}{Hydrostatic Equilibrium}{section.4}% 18
\BOOKMARK [2][-]{subsection.4.2}{The Virial Theorem}{section.4}% 19
\BOOKMARK [2][-]{subsection.4.3}{Equations}{section.4}% 20
\BOOKMARK [1][-]{section.5}{Week 5}{}% 21
\BOOKMARK [2][-]{subsection.5.1}{Nuclear Fusion}{section.5}% 22
\BOOKMARK [2][-]{subsection.5.2}{Blackbody Radiation}{section.5}% 23
\BOOKMARK [2][-]{subsection.5.3}{Spectral Lines}{section.5}% 24
\BOOKMARK [2][-]{subsection.5.4}{Light}{section.5}% 25
\BOOKMARK [2][-]{subsection.5.5}{Photon Diffusion}{section.5}% 26
\BOOKMARK [2][-]{subsection.5.6}{Equations}{section.5}% 27
\BOOKMARK [1][-]{section.6}{Week 6}{}% 28
\BOOKMARK [2][-]{subsection.6.1}{Stellar Evolution: Pre-MS}{section.6}% 29
\BOOKMARK [2][-]{subsection.6.2}{Stellar Evolution: MS}{section.6}% 30
\BOOKMARK [2][-]{subsection.6.3}{Timescales}{section.6}% 31
\BOOKMARK [2][-]{subsection.6.4}{Equations}{section.6}% 32
\BOOKMARK [1][-]{section.7}{Week 7}{}% 33
\BOOKMARK [2][-]{subsection.7.1}{White Dwarfs}{section.7}% 34
\BOOKMARK [2][-]{subsection.7.2}{Electron Degeneracy}{section.7}% 35
\BOOKMARK [2][-]{subsection.7.3}{Equations}{section.7}% 36
\BOOKMARK [1][-]{section.8}{Week 8}{}% 37
\BOOKMARK [2][-]{subsection.8.1}{Stellar Evolution: Post-MS}{section.8}% 38
\BOOKMARK [2][-]{subsection.8.2}{Neutron Stars}{section.8}% 39
\BOOKMARK [2][-]{subsection.8.3}{Black Holes}{section.8}% 40
\BOOKMARK [2][-]{subsection.8.4}{Equations}{section.8}% 41
